/home/ahorst/UMDSRDGEStudy-build
photest0.mac
DataCollectionMuonTotalEneUnirr
0

CMSSW on Condor

started at Tue May  8 09:43:40 EDT 2018

*************************************************************
 Geant4 version Name: geant4-10-01-patch-02    (19-June-2015)
                      Copyright : Geant4 Collaboration
                      Reference : NIM A 506 (2003), 250-303
                            WWW : http://cern.ch/geant4
*************************************************************

[LYSim] 11111
[LYSim] Detector type: Tile
[LYSim] 22222
[LYSim] 33333
[LYSim] 44444
[LYSim] Refractive Index of Scintillator-PMT gap set to 1.4
[LYSim] Fiber abs length set to 2.97872 m  
[LYSim] [SCSN81] Tile abs length set to 3.8 m  
 Material: G4_POLYSTYRENE    density:  1.060 g/cm3   RadL:  41.313 cm   Nucl.Int.Length:  68.836 cm 
                       Imean:  68.700 eV 

   --->  Element: C (C)   Z =  6.0   N =  12.0   A =  12.01 g/mole
         --->  Isotope:   C12   Z =  6   N =  12   A =  12.00 g/mole   abundance:  98.93 %
         --->  Isotope:   C13   Z =  6   N =  13   A =  13.00 g/mole   abundance:   1.07 %
          ElmMassFraction:  92.26 %  ElmAbundance  50.00 % 

   --->  Element: H (H)   Z =  1.0   N =   1.0   A =   1.01 g/mole
         --->  Isotope:    H1   Z =  1   N =   1   A =   1.01 g/mole   abundance:  99.99 %
         --->  Isotope:    H2   Z =  1   N =   2   A =   2.01 g/mole   abundance:   0.01 %
          ElmMassFraction:   7.74 %  ElmAbundance  50.00 % 

 Material:    EJ200    density:  1.023 g/cm3   RadL:  42.910 cm   Nucl.Int.Length:  70.730 cm 
                       Imean:  64.778 eV 

   --->  Element: C (C)   Z =  6.0   N =  12.0   A =  12.01 g/mole
         --->  Isotope:   C12   Z =  6   N =  12   A =  12.00 g/mole   abundance:  98.93 %
         --->  Isotope:   C13   Z =  6   N =  13   A =  13.00 g/mole   abundance:   1.07 %
          ElmMassFraction:  91.53 %  ElmAbundance  47.56 % 

   --->  Element: H (H)   Z =  1.0   N =   1.0   A =   1.01 g/mole
         --->  Isotope:    H1   Z =  1   N =   1   A =   1.01 g/mole   abundance:  99.99 %
         --->  Isotope:    H2   Z =  1   N =   2   A =   2.01 g/mole   abundance:   0.01 %
          ElmMassFraction:   8.47 %  ElmAbundance  52.44 % 

[LYSim] [EJ260] Tile abs length set to 3.8 m  
 Material:    EJ260    density:  1.023 g/cm3   RadL:  42.916 cm   Nucl.Int.Length:  70.697 cm 
                       Imean:  64.715 eV 

   --->  Element: C (C)   Z =  6.0   N =  12.0   A =  12.01 g/mole
         --->  Isotope:   C12   Z =  6   N =  12   A =  12.00 g/mole   abundance:  98.93 %
         --->  Isotope:   C13   Z =  6   N =  13   A =  13.00 g/mole   abundance:   1.07 %
          ElmMassFraction:  91.49 %  ElmAbundance  47.43 % 

   --->  Element: H (H)   Z =  1.0   N =   1.0   A =   1.01 g/mole
         --->  Isotope:    H1   Z =  1   N =   1   A =   1.01 g/mole   abundance:  99.99 %
         --->  Isotope:    H2   Z =  1   N =   2   A =   2.01 g/mole   abundance:   0.01 %
          ElmMassFraction:   8.51 %  ElmAbundance  52.57 % 

LUT - data file: /data/users/jengbou/workspace/UserCode/geant4.10.03-install/share/Geant4-10.3.0/data/RealSurface1.0/PolishedTyvek.dat read in! 
LUT - data file: /data/users/jengbou/workspace/UserCode/geant4.10.03-install/share/Geant4-10.3.0/data/RealSurface1.0/PolishedTyvek.dat read in! 
******** [LYSim] ********
thetaMin set to 0.117889
thetaMax set to 0.141068
rMin set to 50.3656 cm 
rMax set to 60.39 cm 
Dy set to 10.0244 cm 
Dx2 set to 10.0244 cm 
******** [LYSim] ********
Checking overlaps for volume Tile ... OK! 
Checking overlaps for volume FiberGroove ... 
-------- WWWW ------- G4Exception-START -------- WWWW -------
*** G4Exception : GeomVol1002
      issued by : G4PVPlacement::CheckOverlaps()
Overlap with mother volume !
          Overlap is detected for volume FiberGroove
          with its mother volume Tile
          at mother local point (45.3978,-71.7753,-1.1194), overlapping by at least: 2.16533 cm 
NOTE: Reached maximum fixed number -1- of overlaps reports for this volume !
*** This is just a warning message. ***
-------- WWWW -------- G4Exception-END --------- WWWW -------

Checking overlaps for volume FiberCore ... OK! 
Checking overlaps for volume FiberInnerCladding ... OK! 
Checking overlaps for volume FiberOuterCladding ... OK! 
Checking overlaps for volume Mirror ... OK! 
Checking overlaps for volume Photocathode ... OK! 
 ********************************************************** 
 *                  W A R N I N G ! ! !                   * 
 ********************************************************** 
 *                                                        * 
 *  Class G4AtomicDeexcitation is obsolete. It has been   * 
 * discontinued and is going to be removed by next Geant4 * 
 *     release please migrate to G4UAtomDeexcitation.     * 
 *                                                        * 
 ********************************************************** 
[LYSim] Add Hadron Impact Ionisation and PIXE to He3
 ********************************************************** 
 *                  W A R N I N G ! ! !                   * 
 ********************************************************** 
 *                                                        * 
 *  Class G4AtomicDeexcitation is obsolete. It has been   * 
 * discontinued and is going to be removed by next Geant4 * 
 *     release please migrate to G4UAtomDeexcitation.     * 
 *                                                        * 
 ********************************************************** 
[LYSim] Add Hadron Impact Ionisation and PIXE to alpha
 ********************************************************** 
 *                  W A R N I N G ! ! !                   * 
 ********************************************************** 
 *                                                        * 
 *  Class G4AtomicDeexcitation is obsolete. It has been   * 
 * discontinued and is going to be removed by next Geant4 * 
 *     release please migrate to G4UAtomDeexcitation.     * 
 *                                                        * 
 ********************************************************** 
[LYSim] Add Hadron Impact Ionisation and PIXE to anti_proton
 ********************************************************** 
 *                  W A R N I N G ! ! !                   * 
 ********************************************************** 
 *                                                        * 
 *  Class G4AtomicDeexcitation is obsolete. It has been   * 
 * discontinued and is going to be removed by next Geant4 * 
 *     release please migrate to G4UAtomDeexcitation.     * 
 *                                                        * 
 ********************************************************** 
[LYSim] Add Hadron Impact Ionisation and PIXE to proton
[LYSim] AddDiscreteProcess to OpticalPhoton 
[LYSim] 55555
[LYSim] outFileName tag is DataCollectionMuonTotalEneUnirr

phot:   for  gamma    SubType= 12  BuildTable= 0
      LambdaPrime table from 200 keV to 1 GeV in 370 bins 
      ===== EM models for the G4Region  DefaultRegionForTheWorld ======
 LivermorePhElectric :  Emin=        0 eV    Emax=        1 GeV   AngularGenSauterGavrila  FluoActive

compt:   for  gamma    SubType= 13  BuildTable= 1
      Lambda table from 1 eV  to 1 MeV, 100 bins per decade, spline: 1
      LambdaPrime table from 1 MeV to 1 GeV in 300 bins 
      ===== EM models for the G4Region  DefaultRegionForTheWorld ======
    LivermoreCompton :  Emin=        0 eV    Emax=        1 GeV  FluoActive

conv:   for  gamma    SubType= 14  BuildTable= 1
      Lambda table from 1.022 MeV to 1 GeV, 100 bins per decade, spline: 1
      ===== EM models for the G4Region  DefaultRegionForTheWorld ======
 LivermoreConversion :  Emin=        0 eV    Emax=        1 GeV

Rayl:   for  gamma    SubType= 11  BuildTable= 1
      Lambda table from 1 eV  to 100 keV, 100 bins per decade, spline: 0
      LambdaPrime table from 100 keV to 1 GeV in 400 bins 
      ===== EM models for the G4Region  DefaultRegionForTheWorld ======
   LivermoreRayleigh :  Emin=        0 eV    Emax=        1 GeV   CullenGenerator

Rayl:   for  gamma    SubType= 11  BuildTable= 1
      Lambda table from 1 eV  to 100 keV, 100 bins per decade, spline: 0
      LambdaPrime table from 100 keV to 1 GeV in 400 bins 
      ===== EM models for the G4Region  DefaultRegionForTheWorld ======
   LivermoreRayleigh :  Emin=        0 eV    Emax=        1 GeV   CullenGenerator

phot:   for  gamma    SubType= 12  BuildTable= 0
      LambdaPrime table from 200 keV to 1 GeV in 370 bins 
      ===== EM models for the G4Region  DefaultRegionForTheWorld ======
 LivermorePhElectric :  Emin=        0 eV    Emax=        1 GeV   AngularGenSauterGavrila  FluoActive

compt:   for  gamma    SubType= 13  BuildTable= 1
      Lambda table from 1 eV  to 1 MeV, 100 bins per decade, spline: 1
      LambdaPrime table from 1 MeV to 1 GeV in 300 bins 
      ===== EM models for the G4Region  DefaultRegionForTheWorld ======
    LivermoreCompton :  Emin=        0 eV    Emax=        1 GeV  FluoActive

conv:   for  gamma    SubType= 14  BuildTable= 1
      Lambda table from 1.022 MeV to 1 GeV, 100 bins per decade, spline: 1
      ===== EM models for the G4Region  DefaultRegionForTheWorld ======
 LivermoreConversion :  Emin=        0 eV    Emax=        1 GeV

msc:   for e-    SubType= 10
      RangeFactor= 0.01, stepLimitType: 3, latDisplacement: 1, skin= 1, geomFactor= 2.5
      ===== EM models for the G4Region  DefaultRegionForTheWorld ======
            UrbanMsc :  Emin=        0 eV    Emax=      100 MeV  Table with 600 bins Emin=    100 eV    Emax=    100 MeV
        WentzelVIUni :  Emin=      100 MeV   Emax=        1 GeV  Table with 100 bins Emin=    100 MeV   Emax=      1 GeV

### ===  Deexcitation model UAtomDeexcitation is activated for 1 region:
          DefaultRegionForTheWorld

### === G4UAtomicDeexcitation::InitialiseForNewRun()
### ===  PIXE model for hadrons: Empirical  1
### ===  PIXE model for e+-:     Livermore  1

eIoni:   for  e-    SubType= 2
      dE/dx and range tables from 1 eV  to 1 GeV in 900 bins
      Lambda tables from threshold to 1 GeV, 100 bins per decade, spline: 1
      ===== EM models for the G4Region  DefaultRegionForTheWorld ======
       LowEnergyIoni :  Emin=        0 eV    Emax=      100 keV   deltaVI
        MollerBhabha :  Emin=      100 keV   Emax=        1 GeV   deltaVI

eBrem:   for  e-    SubType= 3
      dE/dx and range tables from 1 eV  to 1 GeV in 900 bins
      Lambda tables from threshold to 1 GeV, 100 bins per decade, spline: 1
      LPM flag: 1 for E > 1 GeV
      ===== EM models for the G4Region  DefaultRegionForTheWorld ======
           LowEnBrem :  Emin=        0 eV    Emax=        1 GeV   AngularGen2BS

CoulombScat:   for  e-, integral: 1     SubType= 1  BuildTable= 1
      Lambda table from 100 MeV to 1 GeV, 100 bins per decade, spline: 1
      180 < Theta(degree) < 180; pLimit(GeV^1)= 0.139531
      ===== EM models for the G4Region  DefaultRegionForTheWorld ======
  eCoulombScattering :  Emin=      100 MeV   Emax=        1 GeV

msc:   for e-    SubType= 10
      RangeFactor= 0.04, stepLimitType: 0, latDisplacement: 1
      ===== EM models for the G4Region  DefaultRegionForTheWorld ======
            UrbanMsc :  Emin=        0 eV    Emax=        1 GeV  Table with 700 bins Emin=    100 eV    Emax=      1 GeV

eIoni:   for  e-    SubType= 2
      dE/dx and range tables from 1 eV  to 1 GeV in 900 bins
      Lambda tables from threshold to 1 GeV, 100 bins per decade, spline: 1
      finalRange(mm)= 0.1, dRoverRange= 0.2, integral: 1, fluct: 1, linLossLimit= 0.01
      ===== EM models for the G4Region  DefaultRegionForTheWorld ======
        MollerBhabha :  Emin=        0 eV    Emax=        1 GeV   deltaVI

eBrem:   for  e-    SubType= 3
      dE/dx and range tables from 1 eV  to 1 GeV in 900 bins
      Lambda tables from threshold to 1 GeV, 100 bins per decade, spline: 1
      LPM flag: 1 for E > 1 GeV
      ===== EM models for the G4Region  DefaultRegionForTheWorld ======
             eBremSB :  Emin=        0 eV    Emax=        1 GeV   DipBustGen

msc:   for e+    SubType= 10
      RangeFactor= 0.01, stepLimitType: 3, latDisplacement: 1, skin= 1, geomFactor= 2.5
      ===== EM models for the G4Region  DefaultRegionForTheWorld ======
            UrbanMsc :  Emin=        0 eV    Emax=      100 MeV  Table with 600 bins Emin=    100 eV    Emax=    100 MeV
        WentzelVIUni :  Emin=      100 MeV   Emax=        1 GeV  Table with 100 bins Emin=    100 MeV   Emax=      1 GeV

eIoni:   for  e+    SubType= 2
      dE/dx and range tables from 1 eV  to 1 GeV in 900 bins
      Lambda tables from threshold to 1 GeV, 100 bins per decade, spline: 1
      ===== EM models for the G4Region  DefaultRegionForTheWorld ======
        MollerBhabha :  Emin=        0 eV    Emax=        1 GeV   deltaVI

eBrem:   for  e+    SubType= 3
      dE/dx and range tables from 1 eV  to 1 GeV in 900 bins
      Lambda tables from threshold to 1 GeV, 100 bins per decade, spline: 1
      LPM flag: 1 for E > 1 GeV
      ===== EM models for the G4Region  DefaultRegionForTheWorld ======
             eBremSB :  Emin=        0 eV    Emax=        1 GeV   DipBustGen

annihil:   for  e+, integral: 1     SubType= 5  BuildTable= 0
      ===== EM models for the G4Region  DefaultRegionForTheWorld ======
            eplus2gg :  Emin=        0 eV    Emax=        1 GeV

CoulombScat:   for  e+, integral: 1     SubType= 1  BuildTable= 1
      Lambda table from 100 MeV to 1 GeV, 100 bins per decade, spline: 1
      180 < Theta(degree) < 180; pLimit(GeV^1)= 0.139531
      ===== EM models for the G4Region  DefaultRegionForTheWorld ======
  eCoulombScattering :  Emin=      100 MeV   Emax=        1 GeV

msc:   for e+    SubType= 10
      RangeFactor= 0.04, stepLimitType: 0, latDisplacement: 1
      ===== EM models for the G4Region  DefaultRegionForTheWorld ======
            UrbanMsc :  Emin=        0 eV    Emax=        1 GeV  Table with 700 bins Emin=    100 eV    Emax=      1 GeV

eIoni:   for  e+    SubType= 2
      dE/dx and range tables from 1 eV  to 1 GeV in 900 bins
      Lambda tables from threshold to 1 GeV, 100 bins per decade, spline: 1
      finalRange(mm)= 0.1, dRoverRange= 0.2, integral: 1, fluct: 1, linLossLimit= 0.01
      ===== EM models for the G4Region  DefaultRegionForTheWorld ======
        MollerBhabha :  Emin=        0 eV    Emax=        1 GeV   deltaVI

eBrem:   for  e+    SubType= 3
      dE/dx and range tables from 1 eV  to 1 GeV in 900 bins
      Lambda tables from threshold to 1 GeV, 100 bins per decade, spline: 1
      LPM flag: 1 for E > 1 GeV
      ===== EM models for the G4Region  DefaultRegionForTheWorld ======
             eBremSB :  Emin=        0 eV    Emax=        1 GeV   DipBustGen

annihil:   for  e+, integral: 1     SubType= 5  BuildTable= 0
      ===== EM models for the G4Region  DefaultRegionForTheWorld ======
            eplus2gg :  Emin=        0 eV    Emax=        1 GeV

msc:   for proton    SubType= 10
      RangeFactor= 0.2, stepLimitType: 0, latDisplacement: 1
      ===== EM models for the G4Region  DefaultRegionForTheWorld ======
            UrbanMsc :  Emin=        0 eV    Emax=        1 GeV  Table with 700 bins Emin=    100 eV    Emax=      1 GeV

hIoni:   for  proton    SubType= 2
      dE/dx and range tables from 1 eV  to 1 GeV in 900 bins
      Lambda tables from threshold to 1 GeV, 100 bins per decade, spline: 1
      finalRange(mm)= 0.05, dRoverRange= 0.2, integral: 1, fluct: 1, linLossLimit= 0.01
      ===== EM models for the G4Region  DefaultRegionForTheWorld ======
               Bragg :  Emin=        0 eV    Emax=        2 MeV   deltaVI
          BetheBloch :  Emin=        2 MeV   Emax=        1 GeV   deltaVI
      ===== Limit on energy threshold has been applied 

hBrems:   for  proton    SubType= 3
      dE/dx and range tables from 1 eV  to 1 GeV in 900 bins
      Lambda tables from threshold to 1 GeV, 100 bins per decade, spline: 1
      ===== EM models for the G4Region  DefaultRegionForTheWorld ======
               hBrem :  Emin=        0 eV    Emax=        1 GeV
      ===== Limit on energy threshold has been applied 

hPairProd:   for  proton    SubType= 4
      dE/dx and range tables from 1 eV  to 1 GeV in 900 bins
      Lambda tables from threshold to 1 GeV, 100 bins per decade, spline: 1
      ===== EM models for the G4Region  DefaultRegionForTheWorld ======
           hPairProd :  Emin=        0 eV    Emax=        1 GeV

nuclearStopping:   for  proton    SubType= 8  BuildTable= 0
      ===== EM models for the G4Region  DefaultRegionForTheWorld ======
   ICRU49NucStopping :  Emin=        0 eV    Emax=        1 MeV

msc:   for proton    SubType= 10
      RangeFactor= 0.2, stepLimitType: 0, latDisplacement: 1
      ===== EM models for the G4Region  DefaultRegionForTheWorld ======
            UrbanMsc :  Emin=        0 eV    Emax=        1 GeV  Table with 700 bins Emin=    100 eV    Emax=      1 GeV

hImpactIoni:    Knock-on electron cross sections . 
        Good description above the mean excitation energy.
        Delta ray energy sampled from  differential Xsection.
        PhysicsTables from 10 eV  to 0.1 TeV  in 360 bins.
        Electronic stopping power model is  ICRU_R49p
        from 1 keV  to 2 MeV .

        Parametrisation model for antiprotons is  ICRU_R49p
        from 25 keV  to 2 MeV .
        Parametrization of the Barkas effect is switched on.
        Nuclear stopping power model is ICRU_R49

msc:   for GenericIon    SubType= 10
      RangeFactor= 0.2, stepLimitType: 0, latDisplacement: 0
      ===== EM models for the G4Region  DefaultRegionForTheWorld ======
            UrbanMsc :  Emin=        0 eV    Emax=        1 GeV

ionIoni:   for  GenericIon    SubType= 2
      dE/dx and range tables from 1 eV  to 1 GeV in 900 bins
      Lambda tables from threshold to 1 GeV, 100 bins per decade, spline: 1
      ===== EM models for the G4Region  DefaultRegionForTheWorld ======
         ParamICRU73 :  Emin=        0 eV    Emax=        1 GeV   deltaVI
      ===== Limit on energy threshold has been applied 

nuclearStopping:   for  GenericIon    SubType= 8  BuildTable= 0
      ===== EM models for the G4Region  DefaultRegionForTheWorld ======
   ICRU49NucStopping :  Emin=        0 eV    Emax=        1 MeV

msc:   for GenericIon    SubType= 10
      RangeFactor= 0.2, stepLimitType: 0, latDisplacement: 0
      ===== EM models for the G4Region  DefaultRegionForTheWorld ======
            UrbanMsc :  Emin=        0 eV    Emax=        1 GeV

ionIoni:   for  GenericIon    SubType= 2
      dE/dx and range tables from 1 eV  to 1 GeV in 900 bins
      Lambda tables from threshold to 1 GeV, 100 bins per decade, spline: 1
      finalRange(mm)= 0.001, dRoverRange= 0.1, integral: 1, fluct: 1, linLossLimit= 0.02
      ===== EM models for the G4Region  DefaultRegionForTheWorld ======
         ParamICRU73 :  Emin=        0 eV    Emax=        1 GeV   deltaVI
      ===== Limit on energy threshold has been applied 

nuclearStopping:   for  GenericIon    SubType= 8  BuildTable= 0
      ===== EM models for the G4Region  DefaultRegionForTheWorld ======
   ICRU49NucStopping :  Emin=        0 eV    Emax=        1 GeV

msc:   for alpha    SubType= 10
      RangeFactor= 0.2, stepLimitType: 0, latDisplacement: 0
      ===== EM models for the G4Region  DefaultRegionForTheWorld ======
            UrbanMsc :  Emin=        0 eV    Emax=        1 GeV  Table with 700 bins Emin=    100 eV    Emax=      1 GeV

ionIoni:   for  alpha    SubType= 2
      dE/dx and range tables from 1 eV  to 1 GeV in 900 bins
      Lambda tables from threshold to 1 GeV, 100 bins per decade, spline: 1
      finalRange(mm)= 0.01, dRoverRange= 0.1, integral: 1, fluct: 1, linLossLimit= 0.02
      ===== EM models for the G4Region  DefaultRegionForTheWorld ======
            BraggIon :  Emin=        0 eV    Emax=   7.9452 MeV   deltaVI
          BetheBloch :  Emin=   7.9452 MeV   Emax=        1 GeV   deltaVI
      ===== Limit on energy threshold has been applied 

nuclearStopping:   for  alpha    SubType= 8  BuildTable= 0
      ===== EM models for the G4Region  DefaultRegionForTheWorld ======
   ICRU49NucStopping :  Emin=        0 eV    Emax=        1 MeV

msc:   for anti_proton    SubType= 10
      RangeFactor= 0.2, stepLimitType: 0, latDisplacement: 1
      ===== EM models for the G4Region  DefaultRegionForTheWorld ======
            UrbanMsc :  Emin=        0 eV    Emax=        1 GeV  Table with 700 bins Emin=    100 eV    Emax=      1 GeV

hIoni:   for  anti_proton    SubType= 2
      dE/dx and range tables from 1 eV  to 1 GeV in 900 bins
      Lambda tables from threshold to 1 GeV, 100 bins per decade, spline: 1
      finalRange(mm)= 0.05, dRoverRange= 0.2, integral: 1, fluct: 1, linLossLimit= 0.01
      ===== EM models for the G4Region  DefaultRegionForTheWorld ======
            ICRU73QO :  Emin=        0 eV    Emax=        2 MeV   deltaVI
          BetheBloch :  Emin=        2 MeV   Emax=        1 GeV   deltaVI
      ===== Limit on energy threshold has been applied 

hBrems:   for  anti_proton    SubType= 3
      dE/dx and range tables from 1 eV  to 1 GeV in 900 bins
      Lambda tables from threshold to 1 GeV, 100 bins per decade, spline: 1
      ===== EM models for the G4Region  DefaultRegionForTheWorld ======
               hBrem :  Emin=        0 eV    Emax=        1 GeV
      ===== Limit on energy threshold has been applied 

hPairProd:   for  anti_proton    SubType= 4
      dE/dx and range tables from 1 eV  to 1 GeV in 900 bins
      Lambda tables from threshold to 1 GeV, 100 bins per decade, spline: 1
      ===== EM models for the G4Region  DefaultRegionForTheWorld ======
           hPairProd :  Emin=        0 eV    Emax=        1 GeV

nuclearStopping:   for  anti_proton    SubType= 8  BuildTable= 0
      ===== EM models for the G4Region  DefaultRegionForTheWorld ======
   ICRU49NucStopping :  Emin=        0 eV    Emax=        1 MeV

msc:   for anti_proton    SubType= 10
      RangeFactor= 0.2, stepLimitType: 0, latDisplacement: 1
      ===== EM models for the G4Region  DefaultRegionForTheWorld ======
            UrbanMsc :  Emin=        0 eV    Emax=        1 GeV  Table with 700 bins Emin=    100 eV    Emax=      1 GeV

hImpactIoni:    Knock-on electron cross sections . 
        Good description above the mean excitation energy.
        Delta ray energy sampled from  differential Xsection.
        PhysicsTables from 10 eV  to 0.1 TeV  in 360 bins.
        Electronic stopping power model is  ICRU_R49p
        from 1 keV  to 2 MeV .

        Parametrisation model for antiprotons is  ICRU_R49p
        from 25 keV  to 2 MeV .
        Parametrization of the Barkas effect is switched on.
        Nuclear stopping power model is ICRU_R49

msc:   for kaon+    SubType= 10
      RangeFactor= 0.2, stepLimitType: 0, latDisplacement: 1
      ===== EM models for the G4Region  DefaultRegionForTheWorld ======
            UrbanMsc :  Emin=        0 eV    Emax=        1 GeV  Table with 700 bins Emin=    100 eV    Emax=      1 GeV

hIoni:   for  kaon+    SubType= 2
      dE/dx and range tables from 1 eV  to 1 GeV in 900 bins
      Lambda tables from threshold to 1 GeV, 100 bins per decade, spline: 1
      ===== EM models for the G4Region  DefaultRegionForTheWorld ======
               Bragg :  Emin=        0 eV    Emax=  1.05231 MeV   deltaVI
          BetheBloch :  Emin=  1.05231 MeV   Emax=        1 GeV   deltaVI
      ===== Limit on energy threshold has been applied 

hBrems:   for  kaon+    SubType= 3
      dE/dx and range tables from 1 eV  to 1 GeV in 900 bins
      Lambda tables from threshold to 1 GeV, 100 bins per decade, spline: 1
      ===== EM models for the G4Region  DefaultRegionForTheWorld ======
               hBrem :  Emin=        0 eV    Emax=        1 GeV
      ===== Limit on energy threshold has been applied 

hPairProd:   for  kaon+    SubType= 4
      dE/dx and range tables from 1 eV  to 1 GeV in 900 bins
      Lambda tables from threshold to 1 GeV, 100 bins per decade, spline: 1
      ===== EM models for the G4Region  DefaultRegionForTheWorld ======
           hPairProd :  Emin=        0 eV    Emax=        1 GeV

msc:   for kaon+    SubType= 10
      RangeFactor= 0.2, stepLimitType: 0, latDisplacement: 1
      ===== EM models for the G4Region  DefaultRegionForTheWorld ======
            UrbanMsc :  Emin=        0 eV    Emax=        1 GeV  Table with 700 bins Emin=    100 eV    Emax=      1 GeV

hIoni:   for  kaon+    SubType= 2
      dE/dx and range tables from 1 eV  to 1 GeV in 900 bins
      Lambda tables from threshold to 1 GeV, 100 bins per decade, spline: 1
      finalRange(mm)= 0.1, dRoverRange= 0.2, integral: 1, fluct: 1, linLossLimit= 0.01
      ===== EM models for the G4Region  DefaultRegionForTheWorld ======
               Bragg :  Emin=        0 eV    Emax=  1.05231 MeV   deltaVI
          BetheBloch :  Emin=  1.05231 MeV   Emax=        1 GeV   deltaVI
      ===== Limit on energy threshold has been applied 

msc:   for kaon-    SubType= 10
      RangeFactor= 0.2, stepLimitType: 0, latDisplacement: 1
      ===== EM models for the G4Region  DefaultRegionForTheWorld ======
            UrbanMsc :  Emin=        0 eV    Emax=        1 GeV  Table with 700 bins Emin=    100 eV    Emax=      1 GeV

hIoni:   for  kaon-    SubType= 2
      dE/dx and range tables from 1 eV  to 1 GeV in 900 bins
      Lambda tables from threshold to 1 GeV, 100 bins per decade, spline: 1
      ===== EM models for the G4Region  DefaultRegionForTheWorld ======
            ICRU73QO :  Emin=        0 eV    Emax=  1.05231 MeV   deltaVI
          BetheBloch :  Emin=  1.05231 MeV   Emax=        1 GeV   deltaVI
      ===== Limit on energy threshold has been applied 

hBrems:   for  kaon-    SubType= 3
      dE/dx and range tables from 1 eV  to 1 GeV in 900 bins
      Lambda tables from threshold to 1 GeV, 100 bins per decade, spline: 1
      ===== EM models for the G4Region  DefaultRegionForTheWorld ======
               hBrem :  Emin=        0 eV    Emax=        1 GeV
      ===== Limit on energy threshold has been applied 

hPairProd:   for  kaon-    SubType= 4
      dE/dx and range tables from 1 eV  to 1 GeV in 900 bins
      Lambda tables from threshold to 1 GeV, 100 bins per decade, spline: 1
      ===== EM models for the G4Region  DefaultRegionForTheWorld ======
           hPairProd :  Emin=        0 eV    Emax=        1 GeV

msc:   for kaon-    SubType= 10
      RangeFactor= 0.2, stepLimitType: 0, latDisplacement: 1
      ===== EM models for the G4Region  DefaultRegionForTheWorld ======
            UrbanMsc :  Emin=        0 eV    Emax=        1 GeV  Table with 700 bins Emin=    100 eV    Emax=      1 GeV

hIoni:   for  kaon-    SubType= 2
      dE/dx and range tables from 1 eV  to 1 GeV in 900 bins
      Lambda tables from threshold to 1 GeV, 100 bins per decade, spline: 1
      finalRange(mm)= 0.1, dRoverRange= 0.2, integral: 1, fluct: 1, linLossLimit= 0.01
      ===== EM models for the G4Region  DefaultRegionForTheWorld ======
            ICRU73QO :  Emin=        0 eV    Emax=  1.05231 MeV   deltaVI
          BetheBloch :  Emin=  1.05231 MeV   Emax=        1 GeV   deltaVI
      ===== Limit on energy threshold has been applied 

msc:   for mu+    SubType= 10
      RangeFactor= 0.2, step limit type: 0, lateralDisplacement: 1, polarAngleLimit(deg)= 180
      ===== EM models for the G4Region  DefaultRegionForTheWorld ======
        WentzelVIUni :  Emin=        0 eV    Emax=        1 GeV  Table with 700 bins Emin=    100 eV    Emax=      1 GeV

muIoni:   for  mu+    SubType= 2
      dE/dx and range tables from 1 eV  to 1 GeV in 900 bins
      Lambda tables from threshold to 1 GeV, 100 bins per decade, spline: 1
      ===== EM models for the G4Region  DefaultRegionForTheWorld ======
               Bragg :  Emin=        0 eV    Emax=      200 keV   deltaVI
          BetheBloch :  Emin=      200 keV   Emax=        1 GeV   deltaVI
      ===== Limit on energy threshold has been applied 

muBrems:   for  mu+    SubType= 3
      dE/dx and range tables from 1 eV  to 1 GeV in 900 bins
      Lambda tables from threshold to 1 GeV, 100 bins per decade, spline: 1
      ===== EM models for the G4Region  DefaultRegionForTheWorld ======
              MuBrem :  Emin=        0 eV    Emax=        1 GeV
      ===== Limit on energy threshold has been applied 

muPairProd:   for  mu+    SubType= 4
      dE/dx and range tables from 1 eV  to 1 GeV in 900 bins
      Lambda tables from threshold to 1 GeV, 100 bins per decade, spline: 1
      ===== EM models for the G4Region  DefaultRegionForTheWorld ======
          muPairProd :  Emin=        0 eV    Emax=        1 GeV

CoulombScat:   for  mu+, integral: 1     SubType= 1  BuildTable= 1
      Lambda table from threshold  to 1 GeV, 100 bins per decade, spline: 1
      180 < Theta(degree) < 180; pLimit(GeV^1)= 0.139531
      ===== EM models for the G4Region  DefaultRegionForTheWorld ======
  eCoulombScattering :  Emin=        0 eV    Emax=        1 GeV

msc:   for mu+    SubType= 10
      RangeFactor= 0.2, step limit type: 0, lateralDisplacement: 1, polarAngleLimit(deg)= 180
      ===== EM models for the G4Region  DefaultRegionForTheWorld ======
            UrbanMsc :  Emin=        0 eV    Emax=        1 GeV  Table with 700 bins Emin=    100 eV    Emax=      1 GeV

muIoni:   for  mu+    SubType= 2
      dE/dx and range tables from 1 eV  to 1 GeV in 900 bins
      Lambda tables from threshold to 1 GeV, 100 bins per decade, spline: 1
      finalRange(mm)= 1, dRoverRange= 0.2, integral: 1, fluct: 1, linLossLimit= 0.01
      ===== EM models for the G4Region  DefaultRegionForTheWorld ======
               Bragg :  Emin=        0 eV    Emax=      200 keV   deltaVI
          BetheBloch :  Emin=      200 keV   Emax=        1 GeV   deltaVI
      ===== Limit on energy threshold has been applied 

muBrems:   for  mu+    SubType= 3
      dE/dx and range tables from 1 eV  to 1 GeV in 900 bins
      Lambda tables from threshold to 1 GeV, 100 bins per decade, spline: 1
      ===== EM models for the G4Region  DefaultRegionForTheWorld ======
              MuBrem :  Emin=        0 eV    Emax=        1 GeV
      ===== Limit on energy threshold has been applied 

muPairProd:   for  mu+    SubType= 4
      dE/dx and range tables from 1 eV  to 1 GeV in 900 bins
      Lambda tables from threshold to 1 GeV, 100 bins per decade, spline: 1
      ===== EM models for the G4Region  DefaultRegionForTheWorld ======
          muPairProd :  Emin=        0 eV    Emax=        1 GeV

msc:   for mu-    SubType= 10
      RangeFactor= 0.2, step limit type: 0, lateralDisplacement: 1, polarAngleLimit(deg)= 180
      ===== EM models for the G4Region  DefaultRegionForTheWorld ======
        WentzelVIUni :  Emin=        0 eV    Emax=        1 GeV  Table with 700 bins Emin=    100 eV    Emax=      1 GeV

muIoni:   for  mu-    SubType= 2
      dE/dx and range tables from 1 eV  to 1 GeV in 900 bins
      Lambda tables from threshold to 1 GeV, 100 bins per decade, spline: 1
      ===== EM models for the G4Region  DefaultRegionForTheWorld ======
            ICRU73QO :  Emin=        0 eV    Emax=      200 keV   deltaVI
          BetheBloch :  Emin=      200 keV   Emax=        1 GeV   deltaVI
      ===== Limit on energy threshold has been applied 

muBrems:   for  mu-    SubType= 3
      dE/dx and range tables from 1 eV  to 1 GeV in 900 bins
      Lambda tables from threshold to 1 GeV, 100 bins per decade, spline: 1
      ===== EM models for the G4Region  DefaultRegionForTheWorld ======
              MuBrem :  Emin=        0 eV    Emax=        1 GeV
      ===== Limit on energy threshold has been applied 

muPairProd:   for  mu-    SubType= 4
      dE/dx and range tables from 1 eV  to 1 GeV in 900 bins
      Lambda tables from threshold to 1 GeV, 100 bins per decade, spline: 1
      ===== EM models for the G4Region  DefaultRegionForTheWorld ======
          muPairProd :  Emin=        0 eV    Emax=        1 GeV

CoulombScat:   for  mu-, integral: 1     SubType= 1  BuildTable= 1
      Lambda table from threshold  to 1 GeV, 100 bins per decade, spline: 1
      180 < Theta(degree) < 180; pLimit(GeV^1)= 0.139531
      ===== EM models for the G4Region  DefaultRegionForTheWorld ======
  eCoulombScattering :  Emin=        0 eV    Emax=        1 GeV

msc:   for mu-    SubType= 10
      RangeFactor= 0.2, step limit type: 0, lateralDisplacement: 1, polarAngleLimit(deg)= 180
      ===== EM models for the G4Region  DefaultRegionForTheWorld ======
            UrbanMsc :  Emin=        0 eV    Emax=        1 GeV  Table with 700 bins Emin=    100 eV    Emax=      1 GeV

muIoni:   for  mu-    SubType= 2
      dE/dx and range tables from 1 eV  to 1 GeV in 900 bins
      Lambda tables from threshold to 1 GeV, 100 bins per decade, spline: 1
      finalRange(mm)= 1, dRoverRange= 0.2, integral: 1, fluct: 1, linLossLimit= 0.01
      ===== EM models for the G4Region  DefaultRegionForTheWorld ======
            ICRU73QO :  Emin=        0 eV    Emax=      200 keV   deltaVI
          BetheBloch :  Emin=      200 keV   Emax=        1 GeV   deltaVI
      ===== Limit on energy threshold has been applied 

muBrems:   for  mu-    SubType= 3
      dE/dx and range tables from 1 eV  to 1 GeV in 900 bins
      Lambda tables from threshold to 1 GeV, 100 bins per decade, spline: 1
      ===== EM models for the G4Region  DefaultRegionForTheWorld ======
              MuBrem :  Emin=        0 eV    Emax=        1 GeV
      ===== Limit on energy threshold has been applied 

muPairProd:   for  mu-    SubType= 4
      dE/dx and range tables from 1 eV  to 1 GeV in 900 bins
      Lambda tables from threshold to 1 GeV, 100 bins per decade, spline: 1
      ===== EM models for the G4Region  DefaultRegionForTheWorld ======
          muPairProd :  Emin=        0 eV    Emax=        1 GeV

msc:   for pi+    SubType= 10
      RangeFactor= 0.2, stepLimitType: 0, latDisplacement: 1
      ===== EM models for the G4Region  DefaultRegionForTheWorld ======
            UrbanMsc :  Emin=        0 eV    Emax=        1 GeV  Table with 700 bins Emin=    100 eV    Emax=      1 GeV

hIoni:   for  pi+    SubType= 2
      dE/dx and range tables from 1 eV  to 1 GeV in 900 bins
      Lambda tables from threshold to 1 GeV, 100 bins per decade, spline: 1
      ===== EM models for the G4Region  DefaultRegionForTheWorld ======
               Bragg :  Emin=        0 eV    Emax=  297.505 keV   deltaVI
          BetheBloch :  Emin=  297.505 keV   Emax=        1 GeV   deltaVI
      ===== Limit on energy threshold has been applied 

hBrems:   for  pi+    SubType= 3
      dE/dx and range tables from 1 eV  to 1 GeV in 900 bins
      Lambda tables from threshold to 1 GeV, 100 bins per decade, spline: 1
      ===== EM models for the G4Region  DefaultRegionForTheWorld ======
               hBrem :  Emin=        0 eV    Emax=        1 GeV
      ===== Limit on energy threshold has been applied 

hPairProd:   for  pi+    SubType= 4
      dE/dx and range tables from 1 eV  to 1 GeV in 900 bins
      Lambda tables from threshold to 1 GeV, 100 bins per decade, spline: 1
      ===== EM models for the G4Region  DefaultRegionForTheWorld ======
           hPairProd :  Emin=        0 eV    Emax=        1 GeV

msc:   for pi+    SubType= 10
      RangeFactor= 0.2, stepLimitType: 0, latDisplacement: 1
      ===== EM models for the G4Region  DefaultRegionForTheWorld ======
            UrbanMsc :  Emin=        0 eV    Emax=        1 GeV  Table with 700 bins Emin=    100 eV    Emax=      1 GeV

hIoni:   for  pi+    SubType= 2
      dE/dx and range tables from 1 eV  to 1 GeV in 900 bins
      Lambda tables from threshold to 1 GeV, 100 bins per decade, spline: 1
      finalRange(mm)= 0.1, dRoverRange= 0.2, integral: 1, fluct: 1, linLossLimit= 0.01
      ===== EM models for the G4Region  DefaultRegionForTheWorld ======
               Bragg :  Emin=        0 eV    Emax=  297.505 keV   deltaVI
          BetheBloch :  Emin=  297.505 keV   Emax=        1 GeV   deltaVI
      ===== Limit on energy threshold has been applied 

msc:   for pi-    SubType= 10
      RangeFactor= 0.2, stepLimitType: 0, latDisplacement: 1
      ===== EM models for the G4Region  DefaultRegionForTheWorld ======
            UrbanMsc :  Emin=        0 eV    Emax=        1 GeV  Table with 700 bins Emin=    100 eV    Emax=      1 GeV

hIoni:   for  pi-    SubType= 2
      dE/dx and range tables from 1 eV  to 1 GeV in 900 bins
      Lambda tables from threshold to 1 GeV, 100 bins per decade, spline: 1
      ===== EM models for the G4Region  DefaultRegionForTheWorld ======
            ICRU73QO :  Emin=        0 eV    Emax=  297.505 keV   deltaVI
          BetheBloch :  Emin=  297.505 keV   Emax=        1 GeV   deltaVI
      ===== Limit on energy threshold has been applied 

hBrems:   for  pi-    SubType= 3
      dE/dx and range tables from 1 eV  to 1 GeV in 900 bins
      Lambda tables from threshold to 1 GeV, 100 bins per decade, spline: 1
      ===== EM models for the G4Region  DefaultRegionForTheWorld ======
               hBrem :  Emin=        0 eV    Emax=        1 GeV
      ===== Limit on energy threshold has been applied 

hPairProd:   for  pi-    SubType= 4
      dE/dx and range tables from 1 eV  to 1 GeV in 900 bins
      Lambda tables from threshold to 1 GeV, 100 bins per decade, spline: 1
      ===== EM models for the G4Region  DefaultRegionForTheWorld ======
           hPairProd :  Emin=        0 eV    Emax=        1 GeV

msc:   for pi-    SubType= 10
      RangeFactor= 0.2, stepLimitType: 0, latDisplacement: 1
      ===== EM models for the G4Region  DefaultRegionForTheWorld ======
            UrbanMsc :  Emin=        0 eV    Emax=        1 GeV  Table with 700 bins Emin=    100 eV    Emax=      1 GeV

hIoni:   for  pi-    SubType= 2
      dE/dx and range tables from 1 eV  to 1 GeV in 900 bins
      Lambda tables from threshold to 1 GeV, 100 bins per decade, spline: 1
      finalRange(mm)= 0.1, dRoverRange= 0.2, integral: 1, fluct: 1, linLossLimit= 0.01
      ===== EM models for the G4Region  DefaultRegionForTheWorld ======
            ICRU73QO :  Emin=        0 eV    Emax=  297.505 keV   deltaVI
          BetheBloch :  Emin=  297.505 keV   Emax=        1 GeV   deltaVI
      ===== Limit on energy threshold has been applied 

========= Table of registered couples ==============================

Index : 0     used in the geometry : Yes
 Material : G4_AIR
 Range cuts        :  gamma  1 nm     e-  10 nm     e+  10 nm  proton 1 um 
 Energy thresholds :  gamma  100 eV     e-  100 eV     e+  100 eV  proton 100 eV 
 Region(s) which use this couple : 
    DefaultRegionForTheWorld

Index : 1     used in the geometry : Yes
 Material : EJ200
 Range cuts        :  gamma  1 nm     e-  10 nm     e+  10 nm  proton 1 um 
 Energy thresholds :  gamma  100 eV     e-  100 eV     e+  100 eV  proton 100 eV 
 Region(s) which use this couple : 
    DefaultRegionForTheWorld

Index : 2     used in the geometry : Yes
 Material : FiberCorePS
 Range cuts        :  gamma  1 nm     e-  10 nm     e+  10 nm  proton 1 um 
 Energy thresholds :  gamma  100 eV     e-  100 eV     e+  100 eV  proton 100 eV 
 Region(s) which use this couple : 
    DefaultRegionForTheWorld

Index : 3     used in the geometry : Yes
 Material : FiberInnerCladding
 Range cuts        :  gamma  1 nm     e-  10 nm     e+  10 nm  proton 1 um 
 Energy thresholds :  gamma  100 eV     e-  100 eV     e+  100 eV  proton 100 eV 
 Region(s) which use this couple : 
    DefaultRegionForTheWorld

Index : 4     used in the geometry : Yes
 Material : FiberOuterCladding
 Range cuts        :  gamma  1 nm     e-  10 nm     e+  10 nm  proton 1 um 
 Energy thresholds :  gamma  100 eV     e-  100 eV     e+  100 eV  proton 100 eV 
 Region(s) which use this couple : 
    DefaultRegionForTheWorld

Index : 5     used in the geometry : Yes
 Material : G4_GALLIUM_ARSENIDE
 Range cuts        :  gamma  1 nm     e-  10 nm     e+  10 nm  proton 1 um 
 Energy thresholds :  gamma  100 eV     e-  100 eV     e+  100 eV  proton 100 eV 
 Region(s) which use this couple : 
    DefaultRegionForTheWorld

====================================================================

Output filename: DataCollectionMuonTotalEneUnirr.root
Starting Event: 0
Track length exceeded limit of 5000 mm
Track length exceeded limit of 5000 mm
Track length exceeded limit of 5000 mm
TotalEnergy3.13301e+06
TotalEnergy3.38732e+06
TotalEnergy2.74151e+06
TotalEnergy2.45656e+06
TotalEnergy4.38697e+06
TotalEnergy2.64695e+06
Track length exceeded limit of 5000 mm
TotalEnergy3.28064e+06
TotalEnergy2.43904e+06
TotalEnergy4.85846e+06
TotalEnergy4.09228e+06
TotalEnergy2.56855e+06
TotalEnergy2.63937e+06
TotalEnergy2.30725e+06
Track length exceeded limit of 5000 mm
TotalEnergy2.66524e+06
TotalEnergy2.99452e+06
TotalEnergy2.80572e+06
Track length exceeded limit of 5000 mm
TotalEnergy3.12414e+06
TotalEnergy2.77088e+06
Track length exceeded limit of 5000 mm
TotalEnergy2.38311e+06
TotalEnergy2.99984e+06
TotalEnergy3.60518e+06
Track length exceeded limit of 5000 mm
TotalEnergy4.76735e+06
TotalEnergy3.2234e+06
TotalEnergy3.12007e+06
TotalEnergy2.85623e+06
TotalEnergy7.51446e+06
Track length exceeded limit of 5000 mm
TotalEnergy3.16582e+06
TotalEnergy3.34669e+06
TotalEnergy2.256e+06
TotalEnergy2.81353e+06
TotalEnergy2.32828e+06
TotalEnergy2.16238e+06
TotalEnergy2.56038e+06
TotalEnergy3.149e+06
Track length exceeded limit of 5000 mm
Track length exceeded limit of 5000 mm
TotalEnergy3.14508e+06
TotalEnergy2.46057e+06
Track length exceeded limit of 5000 mm
TotalEnergy2.67846e+06
TotalEnergy4.00888e+06
TotalEnergy2.93902e+06
TotalEnergy7.51592e+06
TotalEnergy3.64663e+06
TotalEnergy3.67551e+06
TotalEnergy4.37553e+06
TotalEnergy5.06416e+06
TotalEnergy3.28005e+06
Track length exceeded limit of 5000 mm
TotalEnergy2.41062e+06
TotalEnergy6.34513e+06
TotalEnergy4.33876e+06
TotalEnergy2.43515e+06
Track length exceeded limit of 5000 mm
TotalEnergy2.64985e+06
TotalEnergy2.74227e+06
TotalEnergy4.71568e+06
TotalEnergy1.09188e+07
Track length exceeded limit of 5000 mm
TotalEnergy3.26512e+06
TotalEnergy3.24333e+06
TotalEnergy4.8305e+06
TotalEnergy3.16947e+06
TotalEnergy2.56916e+06
TotalEnergy6.03157e+06
Track length exceeded limit of 5000 mm
TotalEnergy2.40351e+06
Track length exceeded limit of 5000 mm
TotalEnergy2.33412e+06
TotalEnergy4.42589e+06
TotalEnergy2.6002e+06
Track length exceeded limit of 5000 mm
TotalEnergy3.30484e+06
TotalEnergy3.45054e+06
TotalEnergy4.17499e+06
TotalEnergy2.76006e+06
TotalEnergy2.291e+06
TotalEnergy2.98366e+06
TotalEnergy2.81861e+06
TotalEnergy3.80737e+06
TotalEnergy2.52704e+06
Track length exceeded limit of 5000 mm
Track length exceeded limit of 5000 mm
Track length exceeded limit of 5000 mm
TotalEnergy3.41333e+06
TotalEnergy2.73677e+06
TotalEnergy6.74286e+06
TotalEnergy3.28291e+06
TotalEnergy2.96902e+06
TotalEnergy2.84992e+06
Track length exceeded limit of 5000 mm
TotalEnergy2.65207e+06
TotalEnergy2.92019e+06
TotalEnergy4.4233e+06
TotalEnergy3.89526e+06
TotalEnergy3.16202e+06
TotalEnergy3.58427e+06
TotalEnergy2.27065e+06
TotalEnergy3.09239e+06
TotalEnergy2.86595e+06
TotalEnergy2.37548e+06
Track length exceeded limit of 5000 mm
TotalEnergy3.58073e+06
Track length exceeded limit of 5000 mm
TotalEnergy2.3759e+06
TotalEnergy2.93987e+06
TotalEnergy2.64901e+06
TotalEnergy2.43766e+06
Track length exceeded limit of 5000 mm
TotalEnergy2.9358e+06
TotalEnergy2.42373e+06
TotalEnergy3.15071e+06
TotalEnergy2.72643e+06
Track length exceeded limit of 5000 mm
TotalEnergy3.08376e+06
TotalEnergy4.73611e+06
TotalEnergy3.34184e+06
Starting Event: 100
TotalEnergy2.78697e+06
Track length exceeded limit of 5000 mm
Track length exceeded limit of 5000 mm
TotalEnergy1.66911e+07
TotalEnergy3.10846e+06
TotalEnergy3.13773e+06
Track length exceeded limit of 5000 mm
TotalEnergy3.67716e+06
TotalEnergy2.60598e+06
TotalEnergy3.99775e+06
TotalEnergy2.58825e+06
TotalEnergy3.62607e+06
TotalEnergy3.16309e+06
TotalEnergy3.76778e+06
TotalEnergy5.71578e+06
TotalEnergy3.21204e+06
TotalEnergy3.83198e+06
TotalEnergy3.29529e+06
TotalEnergy2.88906e+06
TotalEnergy3.35648e+06
Track length exceeded limit of 5000 mm
TotalEnergy5.13221e+06
TotalEnergy3.01234e+06
TotalEnergy3.54417e+06
TotalEnergy2.69385e+06
TotalEnergy3.53874e+06
TotalEnergy3.30509e+06
TotalEnergy5.6195e+06
Track length exceeded limit of 5000 mm
TotalEnergy3.05683e+06
TotalEnergy3.43074e+06
TotalEnergy3.06179e+06
Track length exceeded limit of 5000 mm
TotalEnergy3.21321e+06
TotalEnergy3.92205e+06
Track length exceeded limit of 5000 mm
TotalEnergy2.69215e+06
Track length exceeded limit of 5000 mm
TotalEnergy3.07717e+06
TotalEnergy2.52811e+06
TotalEnergy4.06959e+06
TotalEnergy2.95064e+06
TotalEnergy3.62551e+06
TotalEnergy3.1777e+06
TotalEnergy2.78817e+06
TotalEnergy4.40927e+06
TotalEnergy3.10298e+06
Track length exceeded limit of 5000 mm
TotalEnergy2.88218e+06
TotalEnergy4.11507e+06
TotalEnergy2.57395e+06
TotalEnergy3.64691e+06
Track length exceeded limit of 5000 mm
TotalEnergy2.14279e+06
TotalEnergy2.33059e+06
TotalEnergy3.45267e+06
Track length exceeded limit of 5000 mm
TotalEnergy2.93536e+06
TotalEnergy2.65635e+06
TotalEnergy3.19266e+06
TotalEnergy6.32581e+06
TotalEnergy3.98443e+06
Track length exceeded limit of 5000 mm
TotalEnergy2.56313e+06
TotalEnergy7.4259e+06
Track length exceeded limit of 5000 mm
TotalEnergy3.41299e+06
TotalEnergy4.16742e+06
TotalEnergy3.04728e+06
TotalEnergy2.90175e+06
TotalEnergy4.71157e+06
TotalEnergy3.50103e+06
TotalEnergy4.08115e+06
TotalEnergy2.86348e+06
TotalEnergy4.40112e+06
TotalEnergy2.42877e+06
TotalEnergy2.61581e+06
TotalEnergy2.72406e+06
Track length exceeded limit of 5000 mm
TotalEnergy2.25317e+06
TotalEnergy1.31566e+07
TotalEnergy3.10215e+06
Track length exceeded limit of 5000 mm
TotalEnergy2.59591e+06
TotalEnergy3.83456e+06
Track length exceeded limit of 5000 mm
Track length exceeded limit of 5000 mm
TotalEnergy3.29061e+06
Track length exceeded limit of 5000 mm
TotalEnergy3.18979e+06
TotalEnergy2.68018e+06
TotalEnergy2.99768e+06
TotalEnergy3.09781e+06
Track length exceeded limit of 5000 mm
TotalEnergy2.74706e+06
TotalEnergy3.06727e+06
TotalEnergy2.74702e+06
Track length exceeded limit of 5000 mm
TotalEnergy3.26838e+06
TotalEnergy4.64765e+06
TotalEnergy3.50936e+06
TotalEnergy2.83906e+06
Track length exceeded limit of 5000 mm
Track length exceeded limit of 5000 mm
TotalEnergy3.6568e+06
TotalEnergy2.77745e+06
TotalEnergy3.09389e+06
TotalEnergy3.43477e+06
TotalEnergy3.47899e+06
TotalEnergy3.42027e+06
TotalEnergy3.87884e+06
TotalEnergy7.59182e+06
TotalEnergy2.42466e+06
TotalEnergy3.07415e+06
Track length exceeded limit of 5000 mm
TotalEnergy2.43257e+06
TotalEnergy2.33742e+06
TotalEnergy2.68066e+06
TotalEnergy4.12539e+06
TotalEnergy4.8225e+06
TotalEnergy3.73142e+06
TotalEnergy5.9511e+06
TotalEnergy3.45971e+06
Starting Event: 200
Track length exceeded limit of 5000 mm
TotalEnergy2.35667e+06
TotalEnergy3.99496e+06
Track length exceeded limit of 5000 mm
TotalEnergy2.82505e+06
TotalEnergy3.22649e+06
TotalEnergy1.16353e+07
Track length exceeded limit of 5000 mm
TotalEnergy3.09289e+06
Track length exceeded limit of 5000 mm
Track length exceeded limit of 5000 mm
TotalEnergy2.65476e+06
TotalEnergy3.40151e+06
TotalEnergy2.28392e+06
TotalEnergy2.91396e+06
Track length exceeded limit of 5000 mm
TotalEnergy2.92071e+06
TotalEnergy3.0067e+06
TotalEnergy8.02957e+06
TotalEnergy3.40626e+06
TotalEnergy4.48835e+06
Track length exceeded limit of 5000 mm
Track length exceeded limit of 5000 mm
Track length exceeded limit of 5000 mm
TotalEnergy1.80883e+07
TotalEnergy2.99027e+06
Track length exceeded limit of 5000 mm
TotalEnergy2.45009e+06
TotalEnergy2.56673e+06
Track length exceeded limit of 5000 mm
TotalEnergy3.12411e+06
Track length exceeded limit of 5000 mm
TotalEnergy3.30599e+06
Track length exceeded limit of 5000 mm
TotalEnergy3.32844e+06
TotalEnergy4.75191e+06
TotalEnergy3.836e+06
Track length exceeded limit of 5000 mm
TotalEnergy3.08052e+06
TotalEnergy6.78812e+06
TotalEnergy3.33117e+06
TotalEnergy4.17195e+06
Track length exceeded limit of 5000 mm
TotalEnergy3.04101e+06
TotalEnergy3.86787e+06
TotalEnergy8.62357e+06
TotalEnergy3.56402e+06
Track length exceeded limit of 5000 mm
TotalEnergy2.43986e+06
TotalEnergy3.32203e+06
TotalEnergy2.9868e+06
TotalEnergy3.37901e+06
Track length exceeded limit of 5000 mm
Track length exceeded limit of 5000 mm
TotalEnergy3.63977e+06
TotalEnergy2.95301e+06
TotalEnergy2.89467e+06
TotalEnergy3.38425e+06
TotalEnergy2.75622e+06
Track length exceeded limit of 5000 mm
TotalEnergy2.91196e+06
TotalEnergy2.8085e+06
TotalEnergy2.9369e+06
TotalEnergy2.83766e+06
TotalEnergy3.3217e+06
TotalEnergy2.71751e+06
TotalEnergy3.63444e+06
TotalEnergy2.91624e+06
TotalEnergy6.56876e+06
TotalEnergy2.79963e+06
TotalEnergy2.88861e+06
TotalEnergy3.60905e+06
TotalEnergy2.62876e+06
TotalEnergy4.54639e+06
Track length exceeded limit of 5000 mm
TotalEnergy3.12912e+06
TotalEnergy2.69441e+06
TotalEnergy2.38637e+06
Track length exceeded limit of 5000 mm
TotalEnergy2.84336e+06
TotalEnergy4.47739e+06
TotalEnergy2.96426e+06
TotalEnergy2.42956e+06
TotalEnergy3.65656e+06
TotalEnergy2.92918e+06
TotalEnergy2.87645e+06
TotalEnergy2.50691e+06
Track length exceeded limit of 5000 mm
TotalEnergy3.16916e+06
TotalEnergy2.8797e+06
TotalEnergy3.09854e+06
TotalEnergy2.9269e+06
TotalEnergy3.47536e+06
TotalEnergy3.08246e+06
TotalEnergy3.48327e+06
TotalEnergy3.10731e+06
TotalEnergy6.75381e+06
TotalEnergy3.81816e+06
TotalEnergy4.32334e+06
TotalEnergy3.44048e+06
TotalEnergy5.00792e+06
Track length exceeded limit of 5000 mm
TotalEnergy2.98362e+06
TotalEnergy2.51341e+06
TotalEnergy3.42765e+06
Track length exceeded limit of 5000 mm
TotalEnergy2.44267e+06
Track length exceeded limit of 5000 mm
TotalEnergy2.45246e+06
TotalEnergy2.78727e+06
TotalEnergy2.98171e+06
TotalEnergy4.9705e+06
TotalEnergy2.8015e+06
TotalEnergy2.72827e+06
TotalEnergy5.51037e+06
Track length exceeded limit of 5000 mm
TotalEnergy3.39571e+06
Track length exceeded limit of 5000 mm
TotalEnergy2.67694e+06
TotalEnergy2.7884e+06
TotalEnergy2.33438e+06
TotalEnergy7.0755e+06
TotalEnergy2.45419e+06
TotalEnergy2.86924e+06
TotalEnergy3.27344e+06
TotalEnergy5.69156e+06
TotalEnergy2.4313e+06
Starting Event: 300
TotalEnergy3.79993e+06
TotalEnergy2.70041e+06
TotalEnergy5.01543e+06
Track length exceeded limit of 5000 mm
TotalEnergy2.70321e+06
TotalEnergy3.06683e+06
TotalEnergy2.68197e+06
Track length exceeded limit of 5000 mm
Track length exceeded limit of 5000 mm
TotalEnergy2.78839e+06
TotalEnergy4.2312e+06
TotalEnergy3.31066e+06
Track length exceeded limit of 5000 mm
TotalEnergy2.68602e+06
TotalEnergy3.19897e+06
TotalEnergy3.61734e+06
TotalEnergy1.13353e+07
TotalEnergy2.63766e+06
TotalEnergy3.63081e+06
TotalEnergy4.14064e+06
TotalEnergy3.32229e+06
TotalEnergy3.15399e+06
TotalEnergy3.88368e+06
TotalEnergy3.25719e+06
TotalEnergy2.43969e+06
TotalEnergy3.98414e+06
TotalEnergy5.24975e+06
TotalEnergy3.03855e+06
Track length exceeded limit of 5000 mm
TotalEnergy3.19531e+06
TotalEnergy3.02741e+06
Track length exceeded limit of 5000 mm
Track length exceeded limit of 5000 mm
TotalEnergy1.58077e+07
TotalEnergy2.95794e+06
TotalEnergy2.26056e+06
Track length exceeded limit of 5000 mm
Track length exceeded limit of 5000 mm
Track length exceeded limit of 5000 mm
TotalEnergy2.64418e+06
Track length exceeded limit of 5000 mm
TotalEnergy3.49502e+06
TotalEnergy3.74325e+06
Track length exceeded limit of 5000 mm
TotalEnergy3.47158e+06
TotalEnergy3.64429e+06
TotalEnergy2.56599e+06
Track length exceeded limit of 5000 mm
Track length exceeded limit of 5000 mm
TotalEnergy3.12091e+06
TotalEnergy2.65977e+06
TotalEnergy4.84747e+06
TotalEnergy3.02963e+06
TotalEnergy2.87916e+06
TotalEnergy7.33273e+06
TotalEnergy2.56574e+06
TotalEnergy2.29119e+06
TotalEnergy3.18096e+06
TotalEnergy4.35407e+06
Track length exceeded limit of 5000 mm
Track length exceeded limit of 5000 mm
TotalEnergy1.00377e+07
TotalEnergy9.6588e+06
TotalEnergy3.96173e+06
TotalEnergy2.75787e+06
TotalEnergy3.96094e+06
TotalEnergy2.65654e+06
TotalEnergy7.02356e+06
TotalEnergy8.99771e+06
TotalEnergy2.5432e+06
TotalEnergy7.4984e+06
TotalEnergy3.806e+06
TotalEnergy4.79205e+06
Track length exceeded limit of 5000 mm
TotalEnergy2.97655e+06
TotalEnergy2.35856e+06
TotalEnergy5.1008e+06
TotalEnergy4.57436e+06
Track length exceeded limit of 5000 mm
TotalEnergy2.94168e+06
TotalEnergy6.26194e+06
Track length exceeded limit of 5000 mm
Track length exceeded limit of 5000 mm
Track length exceeded limit of 5000 mm
Track length exceeded limit of 5000 mm
TotalEnergy1.24118e+07
TotalEnergy2.26802e+06
TotalEnergy3.36941e+06
TotalEnergy3.30128e+06
TotalEnergy3.79273e+06
TotalEnergy2.74265e+06
TotalEnergy2.36522e+06
TotalEnergy2.55837e+06
TotalEnergy3.38972e+06
TotalEnergy4.06461e+06
TotalEnergy3.78338e+06
Track length exceeded limit of 5000 mm
TotalEnergy2.60479e+06
TotalEnergy2.57963e+06
TotalEnergy3.42045e+06
TotalEnergy2.94077e+06
TotalEnergy3.57908e+06
Track length exceeded limit of 5000 mm
TotalEnergy2.65523e+06
TotalEnergy3.41102e+06
Track length exceeded limit of 5000 mm
TotalEnergy3.0019e+06
Track length exceeded limit of 5000 mm
TotalEnergy2.88003e+06
TotalEnergy3.01547e+06
TotalEnergy2.611e+06
TotalEnergy3.17002e+06
TotalEnergy2.51923e+06
TotalEnergy3.28448e+06
TotalEnergy2.94852e+06
TotalEnergy3.14633e+06
TotalEnergy3.08918e+06
Track length exceeded limit of 5000 mm
TotalEnergy3.46025e+06
TotalEnergy2.96235e+06
TotalEnergy7.27997e+06
Track length exceeded limit of 5000 mm
TotalEnergy3.70671e+06
TotalEnergy2.82983e+06
TotalEnergy2.35397e+06
TotalEnergy2.9255e+06
TotalEnergy3.43841e+06
TotalEnergy2.38022e+06
Starting Event: 400
TotalEnergy2.25275e+06
TotalEnergy1.10293e+07
TotalEnergy4.2559e+06
TotalEnergy2.42055e+06
TotalEnergy2.60968e+06
TotalEnergy4.36264e+06
TotalEnergy4.79518e+06
TotalEnergy2.73498e+06
Track length exceeded limit of 5000 mm
TotalEnergy3.17354e+06
TotalEnergy2.69892e+06
TotalEnergy3.21469e+06
TotalEnergy4.59617e+06
TotalEnergy2.56801e+06
TotalEnergy2.614e+06
TotalEnergy3.35574e+06
Track length exceeded limit of 5000 mm
TotalEnergy2.8146e+06
TotalEnergy2.69123e+06
TotalEnergy1.19367e+07
TotalEnergy3.63844e+06
TotalEnergy4.31706e+06
TotalEnergy8.88457e+06
Track length exceeded limit of 5000 mm
TotalEnergy3.49655e+06
TotalEnergy6.17956e+06
TotalEnergy2.88123e+06
TotalEnergy3.76805e+06
TotalEnergy2.62269e+06
Track length exceeded limit of 5000 mm
TotalEnergy2.62694e+06
TotalEnergy5.3518e+06
TotalEnergy2.77026e+06
TotalEnergy3.60278e+06
TotalEnergy4.15976e+06
TotalEnergy7.04611e+06
TotalEnergy2.93667e+06
TotalEnergy2.63704e+06
TotalEnergy3.41849e+06
TotalEnergy3.01131e+06
Track length exceeded limit of 5000 mm
TotalEnergy3.02833e+06
Track length exceeded limit of 5000 mm
TotalEnergy3.553e+06
TotalEnergy4.87129e+06
TotalEnergy3.43507e+06
TotalEnergy2.81994e+06
TotalEnergy3.96156e+06
TotalEnergy5.51367e+06
TotalEnergy4.59513e+06
TotalEnergy3.10861e+06
TotalEnergy2.61994e+06
Track length exceeded limit of 5000 mm
TotalEnergy3.73807e+06
Track length exceeded limit of 5000 mm
TotalEnergy2.95159e+06
TotalEnergy2.40604e+06
TotalEnergy4.28977e+06
TotalEnergy7.49943e+06
Track length exceeded limit of 5000 mm
TotalEnergy2.92711e+06
TotalEnergy2.33338e+06
Track length exceeded limit of 5000 mm
TotalEnergy2.27825e+06
TotalEnergy2.45785e+06
TotalEnergy3.45594e+06
Track length exceeded limit of 5000 mm
TotalEnergy3.04257e+06
TotalEnergy2.83928e+06
TotalEnergy3.23312e+06
TotalEnergy2.48669e+06
TotalEnergy2.31152e+06
TotalEnergy5.25545e+06
TotalEnergy2.91377e+06
TotalEnergy3.88793e+06
TotalEnergy3.63652e+06
TotalEnergy3.01856e+06
Track length exceeded limit of 5000 mm
TotalEnergy2.61474e+06
Track length exceeded limit of 5000 mm
TotalEnergy2.39852e+06
TotalEnergy3.41643e+06
TotalEnergy4.53411e+06
TotalEnergy2.75902e+06
TotalEnergy8.12135e+06
TotalEnergy2.38499e+06
TotalEnergy3.4257e+06
TotalEnergy2.50785e+06
TotalEnergy3.60381e+06
TotalEnergy2.49497e+06
TotalEnergy2.46551e+06
TotalEnergy2.98522e+06
Track length exceeded limit of 5000 mm
TotalEnergy2.86904e+06
Track length exceeded limit of 5000 mm
TotalEnergy2.82083e+06
Track length exceeded limit of 5000 mm
TotalEnergy2.37815e+06
TotalEnergy2.96927e+06
TotalEnergy3.71123e+06
Track length exceeded limit of 5000 mm
TotalEnergy4.08724e+06
TotalEnergy2.98516e+06
TotalEnergy3.90923e+06
TotalEnergy2.77446e+06
Track length exceeded limit of 5000 mm
TotalEnergy3.7919e+06
Track length exceeded limit of 5000 mm
TotalEnergy2.71893e+06
TotalEnergy3.34895e+06
TotalEnergy2.96672e+06
TotalEnergy2.8746e+06
TotalEnergy2.62956e+06
Track length exceeded limit of 5000 mm
TotalEnergy5.75104e+06
Track length exceeded limit of 5000 mm
TotalEnergy3.19056e+06
TotalEnergy2.71156e+06
Track length exceeded limit of 5000 mm
TotalEnergy3.45376e+06
TotalEnergy3.72192e+06
TotalEnergy1.25313e+07
Starting Event: 500
TotalEnergy1.12231e+07
TotalEnergy3.29307e+06
TotalEnergy2.40132e+06
TotalEnergy2.78063e+06
TotalEnergy2.92247e+06
TotalEnergy2.65017e+06
TotalEnergy2.76643e+06
Track length exceeded limit of 5000 mm
TotalEnergy2.64666e+06
TotalEnergy2.94535e+06
TotalEnergy4.95751e+06
Track length exceeded limit of 5000 mm
TotalEnergy3.04492e+06
Track length exceeded limit of 5000 mm
TotalEnergy4.63867e+06
Track length exceeded limit of 5000 mm
TotalEnergy3.37447e+06
Track length exceeded limit of 5000 mm
TotalEnergy3.06238e+06
TotalEnergy3.08039e+06
TotalEnergy3.45105e+06
TotalEnergy2.80804e+06
TotalEnergy5.2568e+06
TotalEnergy2.78382e+06
TotalEnergy6.66821e+06
TotalEnergy2.41463e+06
TotalEnergy2.72361e+06
Track length exceeded limit of 5000 mm
TotalEnergy3.90738e+06
Track length exceeded limit of 5000 mm
TotalEnergy2.29132e+06
TotalEnergy2.8504e+06
TotalEnergy2.67422e+06
TotalEnergy5.85946e+06
TotalEnergy4.71298e+06
TotalEnergy3.2357e+06
TotalEnergy2.76618e+06
TotalEnergy2.67065e+06
TotalEnergy2.46542e+06
TotalEnergy3.54122e+06
TotalEnergy2.95537e+06
TotalEnergy5.8854e+06
TotalEnergy7.40911e+06
TotalEnergy3.294e+06
TotalEnergy2.95782e+06
TotalEnergy2.57133e+06
TotalEnergy3.39827e+06
Track length exceeded limit of 5000 mm
TotalEnergy2.2449e+06
TotalEnergy2.55472e+06
TotalEnergy2.54143e+06
TotalEnergy3.40346e+06
Track length exceeded limit of 5000 mm
TotalEnergy3.18594e+06
TotalEnergy3.06297e+06
TotalEnergy2.56794e+06
TotalEnergy2.92208e+06
TotalEnergy4.7409e+06
Track length exceeded limit of 5000 mm
TotalEnergy2.3939e+06
TotalEnergy4.302e+06
TotalEnergy1.11025e+07
Track length exceeded limit of 5000 mm
Track length exceeded limit of 5000 mm
TotalEnergy2.8377e+06
Track length exceeded limit of 5000 mm
TotalEnergy2.80437e+06
TotalEnergy4.03147e+06
Track length exceeded limit of 5000 mm
TotalEnergy2.58472e+06
Track length exceeded limit of 5000 mm
TotalEnergy3.19733e+06
TotalEnergy9.8823e+06
Track length exceeded limit of 5000 mm
TotalEnergy3.5487e+06
TotalEnergy1.11832e+07
TotalEnergy2.48801e+06
TotalEnergy2.46087e+06
TotalEnergy2.8468e+06
TotalEnergy2.73968e+06
TotalEnergy2.57779e+06
TotalEnergy3.35913e+06
Track length exceeded limit of 5000 mm
TotalEnergy3.0896e+06
TotalEnergy2.50005e+06
Track length exceeded limit of 5000 mm
TotalEnergy3.20716e+06
TotalEnergy2.47749e+06
Track length exceeded limit of 5000 mm
TotalEnergy3.07724e+06
TotalEnergy3.94002e+06
TotalEnergy2.57236e+06
TotalEnergy2.76125e+06
Track length exceeded limit of 5000 mm
TotalEnergy4.03994e+06
TotalEnergy3.74901e+06
Track length exceeded limit of 5000 mm
TotalEnergy2.32781e+06
TotalEnergy2.66083e+06
Track length exceeded limit of 5000 mm
TotalEnergy4.73415e+06
TotalEnergy5.23951e+06
TotalEnergy2.30303e+06
TotalEnergy4.99964e+06
TotalEnergy1.20262e+07
TotalEnergy2.35656e+06
TotalEnergy2.57945e+06
TotalEnergy3.28711e+06
TotalEnergy4.33553e+06
TotalEnergy4.453e+06
TotalEnergy2.24111e+06
Track length exceeded limit of 5000 mm
TotalEnergy3.59088e+06
TotalEnergy4.12815e+06
TotalEnergy3.08737e+06
TotalEnergy2.653e+06
TotalEnergy2.63952e+06
TotalEnergy2.9216e+06
Track length exceeded limit of 5000 mm
Track length exceeded limit of 5000 mm
Track length exceeded limit of 5000 mm
Track length exceeded limit of 5000 mm
Track length exceeded limit of 5000 mm
Track length exceeded limit of 5000 mm
Track length exceeded limit of 5000 mm
TotalEnergy2.72337e+07
TotalEnergy3.10301e+06
TotalEnergy4.54005e+06
Track length exceeded limit of 5000 mm
TotalEnergy3.11753e+06
TotalEnergy3.03627e+06
Starting Event: 600
TotalEnergy4.07234e+06
TotalEnergy3.64921e+06
TotalEnergy4.47091e+06
TotalEnergy2.70452e+06
TotalEnergy3.5598e+06
Track length exceeded limit of 5000 mm
Track length exceeded limit of 5000 mm
TotalEnergy2.23716e+06
TotalEnergy2.78392e+06
TotalEnergy3.06056e+06
Track length exceeded limit of 5000 mm
TotalEnergy2.66512e+06
TotalEnergy4.34688e+06
Track length exceeded limit of 5000 mm
TotalEnergy2.50036e+06
TotalEnergy5.06584e+06
TotalEnergy5.72065e+06
TotalEnergy3.3434e+06
TotalEnergy6.52527e+06
TotalEnergy2.46154e+06
TotalEnergy3.66503e+06
TotalEnergy3.01793e+06
TotalEnergy5.24524e+06
Track length exceeded limit of 5000 mm
TotalEnergy1.28662e+07
TotalEnergy2.77156e+06
TotalEnergy3.80641e+06
Track length exceeded limit of 5000 mm
TotalEnergy2.534e+06
TotalEnergy2.85422e+06
TotalEnergy2.65e+06
TotalEnergy3.06828e+06
TotalEnergy3.90366e+06
TotalEnergy2.42281e+06
TotalEnergy4.3178e+06
TotalEnergy5.72212e+06
TotalEnergy3.9747e+06
TotalEnergy2.35036e+06
TotalEnergy2.88638e+06
TotalEnergy3.7806e+06
TotalEnergy4.12259e+06
TotalEnergy2.69903e+06
Track length exceeded limit of 5000 mm
TotalEnergy2.50464e+06
TotalEnergy3.67187e+06
TotalEnergy2.7482e+06
TotalEnergy2.90902e+06
TotalEnergy3.69782e+06
TotalEnergy2.56531e+06
Track length exceeded limit of 5000 mm
TotalEnergy2.36845e+06
TotalEnergy2.8383e+06
TotalEnergy6.67461e+06
Track length exceeded limit of 5000 mm
TotalEnergy1.40465e+07
TotalEnergy2.57815e+06
Track length exceeded limit of 5000 mm
TotalEnergy2.26894e+06
TotalEnergy3.94303e+06
Track length exceeded limit of 5000 mm
TotalEnergy2.35876e+06
TotalEnergy2.99373e+06
TotalEnergy3.63044e+06
TotalEnergy2.96546e+06
TotalEnergy1.36165e+07
TotalEnergy3.3104e+06
TotalEnergy2.32524e+06
TotalEnergy2.71649e+06
TotalEnergy2.92774e+06
TotalEnergy2.62236e+06
Track length exceeded limit of 5000 mm
TotalEnergy2.75911e+06
TotalEnergy2.82078e+06
TotalEnergy2.41895e+06
TotalEnergy3.3159e+06
TotalEnergy2.81415e+06
Track length exceeded limit of 5000 mm
TotalEnergy3.06035e+06
TotalEnergy3.50687e+06
TotalEnergy3.65903e+06
TotalEnergy2.67245e+06
Track length exceeded limit of 5000 mm
TotalEnergy3.24159e+06
Track length exceeded limit of 5000 mm
TotalEnergy2.55418e+06
TotalEnergy2.98511e+06
TotalEnergy4.25407e+06
TotalEnergy4.81902e+06
TotalEnergy5.3834e+06
TotalEnergy2.87444e+06
TotalEnergy2.41496e+06
TotalEnergy3.55905e+06
TotalEnergy6.88586e+06
TotalEnergy2.69355e+06
TotalEnergy2.97052e+06
TotalEnergy2.41896e+06
TotalEnergy2.95722e+06
TotalEnergy4.05511e+06
TotalEnergy2.53186e+06
TotalEnergy2.83641e+06
TotalEnergy3.56161e+06
Track length exceeded limit of 5000 mm
TotalEnergy2.66737e+06
TotalEnergy2.82486e+06
TotalEnergy3.06143e+06
Track length exceeded limit of 5000 mm
TotalEnergy1.04978e+07
Track length exceeded limit of 5000 mm
TotalEnergy3.22865e+06
Track length exceeded limit of 5000 mm
TotalEnergy2.70483e+06
TotalEnergy2.99336e+06
TotalEnergy3.73715e+06
TotalEnergy3.48549e+06
TotalEnergy5.89129e+06
Track length exceeded limit of 5000 mm
TotalEnergy2.39394e+06
TotalEnergy3.47794e+06
Track length exceeded limit of 5000 mm
Track length exceeded limit of 5000 mm
TotalEnergy3.97225e+06
TotalEnergy3.04879e+06
Starting Event: 700
TotalEnergy2.41797e+06
TotalEnergy2.65873e+06
TotalEnergy3.44959e+06
TotalEnergy3.25458e+06
Track length exceeded limit of 5000 mm
TotalEnergy2.74394e+06
TotalEnergy5.99776e+06
TotalEnergy3.65142e+06
TotalEnergy4.31084e+06
TotalEnergy2.23042e+06
Track length exceeded limit of 5000 mm
TotalEnergy2.97288e+06
TotalEnergy2.48671e+06
TotalEnergy3.54689e+06
TotalEnergy4.14111e+06
TotalEnergy6.05062e+06
TotalEnergy4.1689e+06
TotalEnergy3.56393e+06
TotalEnergy4.77318e+06
TotalEnergy2.98244e+06
TotalEnergy2.46215e+06
TotalEnergy6.97098e+06
TotalEnergy6.51309e+06
Track length exceeded limit of 5000 mm
TotalEnergy2.95697e+06
Track length exceeded limit of 5000 mm
TotalEnergy4.75038e+06
TotalEnergy2.45037e+06
TotalEnergy3.30964e+06
TotalEnergy5.11813e+06
TotalEnergy2.62794e+06
TotalEnergy2.8669e+06
TotalEnergy5.50993e+06
TotalEnergy3.83433e+06
Track length exceeded limit of 5000 mm
TotalEnergy3.9296e+06
TotalEnergy4.59865e+06
TotalEnergy3.59871e+06
TotalEnergy2.73943e+06
Track length exceeded limit of 5000 mm
TotalEnergy2.65754e+06
Track length exceeded limit of 5000 mm
Track length exceeded limit of 5000 mm
TotalEnergy2.51313e+06
TotalEnergy4.63619e+06
TotalEnergy4.24447e+06
TotalEnergy3.94024e+06
TotalEnergy3.48465e+06
TotalEnergy7.75939e+06
TotalEnergy4.57423e+06
TotalEnergy2.99152e+06
TotalEnergy2.82349e+06
Track length exceeded limit of 5000 mm
TotalEnergy2.58699e+06
TotalEnergy3.65359e+06
TotalEnergy7.83435e+06
TotalEnergy2.71533e+06
TotalEnergy2.6183e+06
TotalEnergy2.89482e+06
Track length exceeded limit of 5000 mm
TotalEnergy2.59216e+06
TotalEnergy3.00324e+06
TotalEnergy2.33946e+06
TotalEnergy2.49914e+06
TotalEnergy2.92024e+06
TotalEnergy4.53548e+06
TotalEnergy2.58314e+06
TotalEnergy4.58292e+06
TotalEnergy2.324e+06
TotalEnergy2.91885e+06
TotalEnergy3.52619e+06
TotalEnergy3.45771e+06
Track length exceeded limit of 5000 mm
TotalEnergy2.91664e+06
TotalEnergy3.04943e+06
TotalEnergy3.5572e+06
TotalEnergy5.53955e+06
TotalEnergy4.54451e+06
Track length exceeded limit of 5000 mm
TotalEnergy2.3707e+06
TotalEnergy2.63456e+06
TotalEnergy3.10801e+06
TotalEnergy4.9708e+06
TotalEnergy2.78502e+06
Track length exceeded limit of 5000 mm
TotalEnergy3.26317e+06
Track length exceeded limit of 5000 mm
TotalEnergy2.52415e+06
TotalEnergy2.72769e+06
Track length exceeded limit of 5000 mm
TotalEnergy2.57813e+06
TotalEnergy4.54786e+06
TotalEnergy2.66357e+06
Track length exceeded limit of 5000 mm
TotalEnergy2.42908e+06
Track length exceeded limit of 5000 mm
TotalEnergy2.5362e+06
TotalEnergy2.58038e+06
TotalEnergy2.92141e+06
TotalEnergy3.59722e+06
TotalEnergy3.60718e+06
TotalEnergy2.43337e+06
TotalEnergy4.74724e+06
TotalEnergy3.60542e+06
TotalEnergy2.89316e+06
TotalEnergy2.69429e+06
Track length exceeded limit of 5000 mm
TotalEnergy4.09448e+06
TotalEnergy2.51419e+06
TotalEnergy3.16278e+06
TotalEnergy2.57072e+06
TotalEnergy2.32629e+06
TotalEnergy6.67837e+06
Track length exceeded limit of 5000 mm
Track length exceeded limit of 5000 mm
TotalEnergy2.30464e+06
Track length exceeded limit of 5000 mm
TotalEnergy2.61412e+06
TotalEnergy3.90578e+06
TotalEnergy3.37432e+06
TotalEnergy2.81478e+06
Starting Event: 800
TotalEnergy2.22539e+06
TotalEnergy2.37221e+06
TotalEnergy9.4264e+06
TotalEnergy4.30848e+06
TotalEnergy4.47196e+06
TotalEnergy2.7242e+06
TotalEnergy6.13471e+06
TotalEnergy3.32667e+06
TotalEnergy3.06207e+06
TotalEnergy3.25956e+06
TotalEnergy6.27127e+06
TotalEnergy2.88532e+06
TotalEnergy2.5304e+06
TotalEnergy3.07067e+06
Track length exceeded limit of 5000 mm
TotalEnergy4.0027e+06
TotalEnergy2.90066e+06
TotalEnergy3.82708e+06
TotalEnergy2.50435e+06
TotalEnergy3.67958e+06
TotalEnergy2.50521e+06
Track length exceeded limit of 5000 mm
TotalEnergy2.99886e+06
TotalEnergy2.8114e+06
TotalEnergy3.18239e+06
TotalEnergy3.27657e+06
TotalEnergy3.12503e+06
TotalEnergy3.83359e+06
TotalEnergy3.88199e+06
TotalEnergy2.73727e+06
TotalEnergy3.77139e+06
TotalEnergy2.678e+06
TotalEnergy2.79897e+06
TotalEnergy4.29069e+06
TotalEnergy3.68869e+06
TotalEnergy4.23632e+06
TotalEnergy2.83799e+06
TotalEnergy9.99242e+06
TotalEnergy2.74417e+06
TotalEnergy2.98622e+06
TotalEnergy3.14643e+06
TotalEnergy2.86884e+06
TotalEnergy6.06449e+06
TotalEnergy2.82626e+06
TotalEnergy4.95484e+06
TotalEnergy5.14429e+06
TotalEnergy3.1083e+06
Track length exceeded limit of 5000 mm
Track length exceeded limit of 5000 mm
TotalEnergy2.85729e+06
TotalEnergy3.30319e+06
TotalEnergy2.93576e+06
TotalEnergy3.1453e+06
TotalEnergy5.92022e+06
Track length exceeded limit of 5000 mm
TotalEnergy2.78262e+06
TotalEnergy5.41424e+06
TotalEnergy3.38209e+06
Track length exceeded limit of 5000 mm
TotalEnergy3.08218e+06
TotalEnergy3.86562e+06
TotalEnergy3.72048e+06
TotalEnergy3.37875e+06
TotalEnergy2.99178e+06
Track length exceeded limit of 5000 mm
Track length exceeded limit of 5000 mm
Track length exceeded limit of 5000 mm
Track length exceeded limit of 5000 mm
Track length exceeded limit of 5000 mm
TotalEnergy1.89999e+07
TotalEnergy2.52776e+06
TotalEnergy4.32985e+06
Track length exceeded limit of 5000 mm
TotalEnergy2.42408e+06
Track length exceeded limit of 5000 mm
Track length exceeded limit of 5000 mm
TotalEnergy2.39478e+06
TotalEnergy3.0284e+06
TotalEnergy2.78775e+06
Track length exceeded limit of 5000 mm
TotalEnergy2.88641e+06
Track length exceeded limit of 5000 mm
TotalEnergy3.01827e+06
Track length exceeded limit of 5000 mm
TotalEnergy2.25111e+06
TotalEnergy2.74748e+06
TotalEnergy4.03218e+06
TotalEnergy2.56717e+06
TotalEnergy2.6182e+06
TotalEnergy3.16542e+06
TotalEnergy3.94951e+06
TotalEnergy4.04157e+06
TotalEnergy9.93047e+06
TotalEnergy3.76276e+06
TotalEnergy3.22697e+06
TotalEnergy2.82635e+06
Track length exceeded limit of 5000 mm
TotalEnergy2.77059e+06
TotalEnergy3.21781e+06
TotalEnergy3.00404e+06
Track length exceeded limit of 5000 mm
TotalEnergy2.85015e+06
TotalEnergy3.09263e+06
Track length exceeded limit of 5000 mm
Track length exceeded limit of 5000 mm
TotalEnergy3.3763e+06
TotalEnergy3.80292e+06
TotalEnergy3.22232e+06
TotalEnergy3.14407e+06
TotalEnergy3.3759e+06
TotalEnergy5.29316e+06
TotalEnergy2.95453e+06
TotalEnergy3.53153e+06
TotalEnergy4.70124e+06
TotalEnergy2.24448e+06
TotalEnergy2.79585e+06
TotalEnergy3.65827e+06
TotalEnergy2.74528e+06
TotalEnergy3.49947e+06
TotalEnergy3.72715e+06
TotalEnergy3.50931e+06
Starting Event: 900
Track length exceeded limit of 5000 mm
TotalEnergy2.93605e+06
TotalEnergy6.99594e+06
TotalEnergy2.95324e+06
TotalEnergy4.16908e+06
TotalEnergy3.50686e+06
TotalEnergy2.60386e+06
Track length exceeded limit of 5000 mm
TotalEnergy2.59907e+06
TotalEnergy2.51722e+06
TotalEnergy2.88916e+06
Track length exceeded limit of 5000 mm
TotalEnergy2.4414e+06
TotalEnergy4.1615e+06
TotalEnergy3.03091e+06
TotalEnergy3.78181e+06
TotalEnergy2.54725e+06
TotalEnergy3.55422e+06
Track length exceeded limit of 5000 mm
TotalEnergy2.69453e+06
TotalEnergy1.27146e+07
TotalEnergy2.42356e+06
TotalEnergy2.67663e+06
TotalEnergy2.87185e+06
TotalEnergy2.57895e+06
Track length exceeded limit of 5000 mm
TotalEnergy3.78008e+06
Track length exceeded limit of 5000 mm
Track length exceeded limit of 5000 mm
Track length exceeded limit of 5000 mm
TotalEnergy2.60223e+07
TotalEnergy5.89867e+06
TotalEnergy3.41971e+06
TotalEnergy2.52133e+06
TotalEnergy2.67523e+06
TotalEnergy2.84903e+06
TotalEnergy4.38342e+06
TotalEnergy2.65426e+06
Track length exceeded limit of 5000 mm
TotalEnergy3.18217e+06
TotalEnergy2.9327e+06
TotalEnergy4.50479e+06
TotalEnergy2.72493e+06
TotalEnergy4.03638e+06
TotalEnergy4.53131e+06
Track length exceeded limit of 5000 mm
TotalEnergy3.03429e+06
Track length exceeded limit of 5000 mm
TotalEnergy2.47846e+06
TotalEnergy3.96538e+06
TotalEnergy3.90692e+06
TotalEnergy3.88511e+06
TotalEnergy2.50082e+06
TotalEnergy3.34109e+06
TotalEnergy2.32099e+06
TotalEnergy3.20341e+06
TotalEnergy3.17609e+06
TotalEnergy3.40489e+06
TotalEnergy3.39548e+06
Track length exceeded limit of 5000 mm
Track length exceeded limit of 5000 mm
TotalEnergy3.22615e+06
TotalEnergy2.8769e+06
Track length exceeded limit of 5000 mm
TotalEnergy4.72553e+06
TotalEnergy3.22791e+06
TotalEnergy2.9736e+06
TotalEnergy2.70683e+06
TotalEnergy2.59762e+06
TotalEnergy3.21288e+06
TotalEnergy2.56238e+06
TotalEnergy3.92958e+06
TotalEnergy2.54892e+06
TotalEnergy3.15796e+06
Track length exceeded limit of 5000 mm
TotalEnergy2.47424e+06
TotalEnergy2.65337e+06
Track length exceeded limit of 5000 mm
TotalEnergy7.13255e+06
Track length exceeded limit of 5000 mm
Track length exceeded limit of 5000 mm
TotalEnergy3.23807e+06
TotalEnergy2.65653e+06
TotalEnergy2.99216e+06
TotalEnergy4.24231e+06
TotalEnergy2.86346e+06
TotalEnergy3.59175e+06
TotalEnergy2.97977e+06
Track length exceeded limit of 5000 mm
TotalEnergy3.31627e+06
TotalEnergy4.49113e+06
TotalEnergy3.16219e+06
TotalEnergy3.59422e+06
TotalEnergy2.73714e+06
Track length exceeded limit of 5000 mm
Track length exceeded limit of 5000 mm
TotalEnergy3.20915e+06
TotalEnergy4.36012e+06
TotalEnergy2.83932e+06
TotalEnergy3.40592e+06
TotalEnergy8.90144e+06
TotalEnergy2.68542e+06
TotalEnergy3.33557e+06
TotalEnergy2.46884e+06
TotalEnergy2.64189e+06
TotalEnergy2.56126e+06
Track length exceeded limit of 5000 mm
TotalEnergy2.76524e+06
TotalEnergy2.97875e+06
TotalEnergy2.69231e+06
TotalEnergy3.55351e+06
TotalEnergy3.07941e+06
TotalEnergy2.56566e+06
TotalEnergy3.14304e+06
Track length exceeded limit of 5000 mm
TotalEnergy2.65473e+06
TotalEnergy2.9662e+06
TotalEnergy3.55637e+06
TotalEnergy3.19734e+06
TotalEnergy5.24904e+06
Track length exceeded limit of 5000 mm
TotalEnergy2.98575e+06
TotalEnergy5.44815e+06
TotalEnergy4.69019e+06
Efficiency in this run is 0.8
