./LYSim: /usr/lib64/libstdc++.so.6: version `GLIBCXX_3.4.20' not found (required by /data/users/eno/geant4.10.01.p02-install/lib64/libG4visHepRep.so)
./LYSim: /usr/lib64/libstdc++.so.6: version `GLIBCXX_3.4.20' not found (required by /data/users/eno/geant4.10.01.p02-install/lib64/libG4OpenGL.so)
./LYSim: /usr/lib64/libstdc++.so.6: version `GLIBCXX_3.4.20' not found (required by /data/users/eno/geant4.10.01.p02-install/lib64/libG4vis_management.so)
./LYSim: /usr/lib64/libstdc++.so.6: version `GLIBCXX_3.4.20' not found (required by /data/users/eno/geant4.10.01.p02-install/lib64/libG4interfaces.so)
./LYSim: /usr/lib64/libstdc++.so.6: version `GLIBCXX_3.4.20' not found (required by /data/users/eno/geant4.10.01.p02-install/lib64/libG4persistency.so)
./LYSim: /usr/lib64/libstdc++.so.6: version `GLIBCXX_3.4.20' not found (required by /data/users/eno/geant4.10.01.p02-install/lib64/libG4analysis.so)
./LYSim: /usr/lib64/libstdc++.so.6: version `GLIBCXX_3.4.15' not found (required by /data/users/eno/geant4.10.01.p02-install/lib64/libG4analysis.so)
./LYSim: /usr/lib64/libstdc++.so.6: version `GLIBCXX_3.4.15' not found (required by /data/users/eno/geant4.10.01.p02-install/lib64/libG4physicslists.so)
./LYSim: /usr/lib64/libstdc++.so.6: version `GLIBCXX_3.4.20' not found (required by /data/users/eno/geant4.10.01.p02-install/lib64/libG4physicslists.so)
./LYSim: /usr/lib64/libstdc++.so.6: version `GLIBCXX_3.4.15' not found (required by /data/users/eno/geant4.10.01.p02-install/lib64/libG4run.so)
./LYSim: /usr/lib64/libstdc++.so.6: version `GLIBCXX_3.4.20' not found (required by /data/users/eno/geant4.10.01.p02-install/lib64/libG4run.so)
./LYSim: /usr/lib64/libstdc++.so.6: version `GLIBCXX_3.4.20' not found (required by /data/users/eno/geant4.10.01.p02-install/lib64/libG4event.so)
./LYSim: /usr/lib64/libstdc++.so.6: version `GLIBCXX_3.4.15' not found (required by /data/users/eno/geant4.10.01.p02-install/lib64/libG4processes.so)
./LYSim: /usr/lib64/libstdc++.so.6: version `GLIBCXX_3.4.20' not found (required by /data/users/eno/geant4.10.01.p02-install/lib64/libG4processes.so)
./LYSim: /usr/lib64/libstdc++.so.6: version `GLIBCXX_3.4.20' not found (required by /data/users/eno/geant4.10.01.p02-install/lib64/libG4digits_hits.so)
./LYSim: /usr/lib64/libstdc++.so.6: version `GLIBCXX_3.4.20' not found (required by /data/users/eno/geant4.10.01.p02-install/lib64/libG4particles.so)
./LYSim: /usr/lib64/libstdc++.so.6: version `GLIBCXX_3.4.15' not found (required by /data/users/eno/geant4.10.01.p02-install/lib64/libG4particles.so)
./LYSim: /usr/lib64/libstdc++.so.6: version `GLIBCXX_3.4.20' not found (required by /data/users/eno/geant4.10.01.p02-install/lib64/libG4graphics_reps.so)
./LYSim: /usr/lib64/libstdc++.so.6: version `GLIBCXX_3.4.15' not found (required by /data/users/eno/geant4.10.01.p02-install/lib64/libG4graphics_reps.so)
./LYSim: /usr/lib64/libstdc++.so.6: version `GLIBCXX_3.4.20' not found (required by /data/users/eno/geant4.10.01.p02-install/lib64/libG4intercoms.so)
